<?xml version="1.0" encoding="UTF-8"?>
<!-- Generated by org.testng.reporters.JUnitReportReporter -->
<testsuite hostname="INBLRWHF2025M0G" failures="0" tests="1" name="MyRunner.SL_TestRunner" time="1.575" errors="0" timestamp="2023-12-04T19:47:29 IST" skipped="0">
  <testcase classname="MyRunner.SL_TestRunner" name="scenario" time="1.575"/>
  <system-out/>
</testsuite> <!-- MyRunner.SL_TestRunner -->
