<?xml version="1.0" encoding="UTF-8"?>
<!-- Generated by org.testng.reporters.JUnitReportReporter -->
<testsuite hostname="INBLRWHF2025M0G" failures="0" tests="2" name="MyRunner.TestRunner2" time="4.332" errors="0" timestamp="2023-12-04T19:44:47 IST" skipped="0">
  <testcase classname="MyRunner.TestRunner2" name="scenario" time="2.750"/>
  <system-out/>
  <testcase classname="MyRunner.TestRunner2" name="scenario" time="1.582"/>
  <system-out/>
</testsuite> <!-- MyRunner.TestRunner2 -->
