<?xml version="1.0" encoding="UTF-8"?>
<!-- Generated by org.testng.reporters.JUnitReportReporter -->
<testsuite hostname="INBLRWHF2025M0G" failures="0" tests="6" name="MyRunner.HYR_TestRunner" time="167.843" errors="0" timestamp="2023-12-04T21:31:53 IST" skipped="0">
  <testcase classname="MyRunner.HYR_TestRunner" name="scenario" time="26.603"/>
  <system-out/>
  <testcase classname="MyRunner.HYR_TestRunner" name="scenario" time="20.770"/>
  <system-out/>
  <testcase classname="MyRunner.HYR_TestRunner" name="scenario" time="26.586"/>
  <system-out/>
  <testcase classname="MyRunner.HYR_TestRunner" name="scenario" time="27.036"/>
  <system-out/>
  <testcase classname="MyRunner.HYR_TestRunner" name="scenario" time="27.379"/>
  <system-out/>
  <testcase classname="MyRunner.HYR_TestRunner" name="scenario" time="39.469"/>
  <system-out/>
</testsuite> <!-- MyRunner.HYR_TestRunner -->
